

*******************************************************************************
Mon Mar 23 13:34:38 2026


FIT:    data read from "out.times" using 1:2
        format = x:z
        #datapoints = 8
        residuals are weighted equally (unit weight)

function used for fitting: f(x)
	f(x)=a+b/x
fitted parameters initialized with current variable values

iter      chisq       delta/lim  lambda   a             b            
   0 1.7243569569e+02   0.00e+00  3.17e+00    1.000000e+00   1.000000e+01
   4 3.7539035568e-03  -3.53e-03  3.17e-04    2.449375e-03   1.247455e+00

After 4 iterations the fit converged.
final sum of squares of residuals : 0.0037539
rel. change during last iteration : -3.53011e-08

degrees of freedom    (FIT_NDF)                        : 6
rms of residuals      (FIT_STDFIT) = sqrt(WSSR/ndf)    : 0.025013
variance of residuals (reduced chisquare) = WSSR/ndf   : 0.000625651

Final set of parameters            Asymptotic Standard Error
=======================            ==========================
a               = 0.00244937       +/- 0.01406      (574.1%)
b               = 1.24746          +/- 0.03218      (2.58%)

correlation matrix of the fit parameters:
                a      b      
a               1.000 
b              -0.778  1.000 
